<?xml version="1.0" encoding="UTF-8"?>
<testng-results ignored="0" total="5" passed="5" failed="0" skipped="0">
  <reporter-output>
  </reporter-output>
  <suite started-at="2021-09-14T15:01:12 MSK" name="Surefire suite" finished-at="2021-09-14T15:01:13 MSK" duration-ms="1371">
    <groups>
    </groups>
    <test started-at="2021-09-14T15:01:12 MSK" name="Surefire test" finished-at="2021-09-14T15:01:13 MSK" duration-ms="1371">
      <class name="SystemTest">
        <test-method is-config="true" signature="settings()[pri:0, instance:SystemTest@15b3e5b]" started-at="2021-09-14T15:01:12 MSK" name="settings" finished-at="2021-09-14T15:01:13 MSK" duration-ms="1055" status="PASS">
          <reporter-output>
          </reporter-output>
        </test-method> <!-- settings -->
        <test-method signature="checkHuman()[pri:0, instance:SystemTest@15b3e5b]" started-at="2021-09-14T15:01:13 MSK" name="checkHuman" finished-at="2021-09-14T15:01:13 MSK" duration-ms="1" status="PASS">
          <reporter-output>
          </reporter-output>
        </test-method> <!-- checkHuman -->
        <test-method signature="error2Test()[pri:0, instance:SystemTest@15b3e5b]" started-at="2021-09-14T15:01:13 MSK" name="error2Test" finished-at="2021-09-14T15:01:13 MSK" duration-ms="54" status="PASS">
          <reporter-output>
          </reporter-output>
        </test-method> <!-- error2Test -->
        <test-method signature="error3Test()[pri:0, instance:SystemTest@15b3e5b]" started-at="2021-09-14T15:01:13 MSK" name="error3Test" finished-at="2021-09-14T15:01:13 MSK" duration-ms="56" status="PASS">
          <reporter-output>
          </reporter-output>
        </test-method> <!-- error3Test -->
        <test-method signature="error4Test()[pri:0, instance:SystemTest@15b3e5b]" started-at="2021-09-14T15:01:13 MSK" name="error4Test" finished-at="2021-09-14T15:01:13 MSK" duration-ms="59" status="PASS">
          <reporter-output>
          </reporter-output>
        </test-method> <!-- error4Test -->
        <test-method signature="errorTest()[pri:0, instance:SystemTest@15b3e5b]" started-at="2021-09-14T15:01:13 MSK" name="errorTest" finished-at="2021-09-14T15:01:13 MSK" duration-ms="63" status="PASS">
          <reporter-output>
          </reporter-output>
        </test-method> <!-- errorTest -->
        <test-method is-config="true" signature="clear()[pri:0, instance:SystemTest@15b3e5b]" started-at="2021-09-14T15:01:13 MSK" name="clear" finished-at="2021-09-14T15:01:13 MSK" duration-ms="65" status="PASS">
          <reporter-output>
          </reporter-output>
        </test-method> <!-- clear -->
      </class> <!-- SystemTest -->
    </test> <!-- Surefire test -->
  </suite> <!-- Surefire suite -->
</testng-results>
