<?xml version="1.0" encoding="UTF-8"?>
<testsuite xmlns:xsi="http://www.w3.org/2001/XMLSchema-instance" xsi:noNamespaceSchemaLocation="https://maven.apache.org/surefire/maven-surefire-plugin/xsd/surefire-test-report.xsd" name="SystemTest" time="1.552" tests="5" errors="0" skipped="0" failures="0">
  <properties>
[...]
</properties>
  <testcase name="checkHuman" classname="SystemTest" time="0.001"/>
  <testcase name="error2Test" classname="SystemTest" time="0.054"/>
  <testcase name="error3Test" classname="SystemTest" time="0.056"/>
  <testcase name="error4Test" classname="SystemTest" time="0.059"/>
  <testcase name="errorTest" classname="SystemTest" time="0.063"/>
</testsuite>