<?xml version="1.0" encoding="UTF-8"?>
<!-- Generated by org.testng.reporters.JUnitXMLReporter -->
<testsuite ignored="0" hostname="MacBook.local" failures="0" tests="5" name="Surefire test" time="1.371" errors="0" timestamp="2021-09-14T15:01:13 MSK">
  <testcase classname="SystemTest" name="checkHuman" time="0.001"/>
  <testcase classname="SystemTest" name="error2Test" time="0.054"/>
  <testcase classname="SystemTest" name="error3Test" time="0.056"/>
  <testcase classname="SystemTest" name="error4Test" time="0.059"/>
  <testcase classname="SystemTest" name="errorTest" time="0.063"/>
</testsuite> <!-- Surefire test -->
